============================= test session starts ==============================
platform darwin -- Python 3.12.13, pytest-9.0.2, pluggy-1.6.0 -- /Users/tomaszpionka/Projects/rts-outcome-prediction/.venv/bin/python
cachedir: .pytest_cache
rootdir: /Users/tomaszpionka/Projects/rts-outcome-prediction
configfile: pyproject.toml
plugins: cov-7.1.0, anyio-4.13.0
collecting ... collected 445 items

tests/infrastructure/test_mirror_drift.py::test_source_to_test_path_basic PASSED [  0%]
tests/infrastructure/test_mirror_drift.py::test_test_to_source_path_basic PASSED [  0%]
tests/infrastructure/test_mirror_drift.py::test_forward_check_missing_test PASSED [  0%]
tests/infrastructure/test_mirror_drift.py::test_forward_check_exempt_source PASSED [  0%]
tests/infrastructure/test_mirror_drift.py::test_reverse_check_orphaned_test PASSED [  1%]
tests/infrastructure/test_mirror_drift.py::test_forward_check_clean PASSED [  1%]
tests/infrastructure/test_mirror_drift.py::test_conftest_excluded PASSED [  1%]
tests/infrastructure/test_mirror_drift.py::test_init_excluded PASSED     [  1%]
tests/infrastructure/test_mps.py::test_mps_smoke_matmul PASSED           [  2%]
tests/infrastructure/test_mps.py::test_mps_autograd_cpu_vs_mps PASSED    [  2%]
tests/infrastructure/test_mps.py::test_mps_tiny_training_loop PASSED     [  2%]
tests/infrastructure/test_mps.py::test_mps_threaded_stress PASSED        [  2%]
tests/infrastructure/test_mps.py::test_mps_threaded_stress_with_sync PASSED [  2%]
tests/rts_predict/aoe2/data/aoe2companion/test_acquisition.py::TestLoadManifest::test_loads_valid_manifest PASSED [  3%]
tests/rts_predict/aoe2/data/aoe2companion/test_acquisition.py::TestLoadManifest::test_raises_on_missing_file PASSED [  3%]
tests/rts_predict/aoe2/data/aoe2companion/test_acquisition.py::TestLoadManifest::test_raises_on_invalid_json PASSED [  3%]
tests/rts_predict/aoe2/data/aoe2companion/test_acquisition.py::TestClassifyEntry::test_classifies_correctly[match-2024-01-01.parquet-match] PASSED [  3%]
tests/rts_predict/aoe2/data/aoe2companion/test_acquisition.py::TestClassifyEntry::test_classifies_correctly[match-2020-08-01.parquet-match] PASSED [  4%]
tests/rts_predict/aoe2/data/aoe2companion/test_acquisition.py::TestClassifyEntry::test_classifies_correctly[leaderboard.parquet-leaderboard] PASSED [  4%]
tests/rts_predict/aoe2/data/aoe2companion/test_acquisition.py::TestClassifyEntry::test_classifies_correctly[profile.parquet-profile] PASSED [  4%]
tests/rts_predict/aoe2/data/aoe2companion/test_acquisition.py::TestClassifyEntry::test_classifies_correctly[rating-2024-01-01.csv-rating] PASSED [  4%]
tests/rts_predict/aoe2/data/aoe2companion/test_acquisition.py::TestClassifyEntry::test_classifies_correctly[rating-2025-06-27.csv-rating] PASSED [  4%]
tests/rts_predict/aoe2/data/aoe2companion/test_acquisition.py::TestClassifyEntry::test_classifies_correctly[match-2024-01-01.csv-None] PASSED [  5%]
tests/rts_predict/aoe2/data/aoe2companion/test_acquisition.py::TestClassifyEntry::test_classifies_correctly[leaderboard.csv-None] PASSED [  5%]
tests/rts_predict/aoe2/data/aoe2companion/test_acquisition.py::TestClassifyEntry::test_classifies_correctly[profile.csv-None] PASSED [  5%]
tests/rts_predict/aoe2/data/aoe2companion/test_acquisition.py::TestClassifyEntry::test_classifies_correctly[test-match-2022-09-09.parquet-None] PASSED [  5%]
tests/rts_predict/aoe2/data/aoe2companion/test_acquisition.py::TestClassifyEntry::test_classifies_correctly[test2-match-2022-10-07.parquet-None] PASSED [  6%]
tests/rts_predict/aoe2/data/aoe2companion/test_acquisition.py::TestClassifyEntry::test_classifies_correctly[random-file.txt-None] PASSED [  6%]
tests/rts_predict/aoe2/data/aoe2companion/test_acquisition.py::TestFilterDownloadTargets::test_keeps_only_download_targets PASSED [  6%]
tests/rts_predict/aoe2/data/aoe2companion/test_acquisition.py::TestFilterDownloadTargets::test_empty_input_returns_empty PASSED [  6%]
tests/rts_predict/aoe2/data/aoe2companion/test_acquisition.py::TestFilterDownloadTargets::test_categories_are_correct PASSED [  6%]
tests/rts_predict/aoe2/data/aoe2companion/test_acquisition.py::TestResolveTargetPath::test_match_goes_to_matches_dir PASSED [  7%]
tests/rts_predict/aoe2/data/aoe2companion/test_acquisition.py::TestResolveTargetPath::test_leaderboard_goes_to_leaderboards_dir PASSED [  7%]
tests/rts_predict/aoe2/data/aoe2companion/test_acquisition.py::TestResolveTargetPath::test_profile_goes_to_profiles_dir PASSED [  7%]
tests/rts_predict/aoe2/data/aoe2companion/test_acquisition.py::TestResolveTargetPath::test_rating_goes_to_ratings_dir PASSED [  7%]
tests/rts_predict/aoe2/data/aoe2companion/test_acquisition.py::TestResolveTargetPath::test_unknown_category_raises PASSED [  8%]
tests/rts_predict/aoe2/data/aoe2companion/test_acquisition.py::TestIsAlreadyDownloaded::test_returns_true_when_size_matches PASSED [  8%]
tests/rts_predict/aoe2/data/aoe2companion/test_acquisition.py::TestIsAlreadyDownloaded::test_returns_true_when_file_larger_than_expected PASSED [  8%]
tests/rts_predict/aoe2/data/aoe2companion/test_acquisition.py::TestIsAlreadyDownloaded::test_returns_false_when_file_smaller_than_expected PASSED [  8%]
tests/rts_predict/aoe2/data/aoe2companion/test_acquisition.py::TestIsAlreadyDownloaded::test_returns_false_when_file_missing PASSED [  8%]
tests/rts_predict/aoe2/data/aoe2companion/test_acquisition.py::TestIsAlreadyDownloaded::test_none_expected_size_accepts_nonempty_file PASSED [  9%]
tests/rts_predict/aoe2/data/aoe2companion/test_acquisition.py::TestIsAlreadyDownloaded::test_none_expected_size_rejects_empty_file PASSED [  9%]
tests/rts_predict/aoe2/data/aoe2companion/test_acquisition.py::TestIsAlreadyDownloaded::test_none_expected_size_rejects_missing_file PASSED [  9%]
tests/rts_predict/aoe2/data/aoe2companion/test_acquisition.py::TestDownloadFile::test_downloads_and_saves_file PASSED [  9%]
tests/rts_predict/aoe2/data/aoe2companion/test_acquisition.py::TestDownloadFile::test_creates_parent_directories PASSED [ 10%]
tests/rts_predict/aoe2/data/aoe2companion/test_acquisition.py::TestDownloadFile::test_raises_on_truncated_download PASSED [ 10%]
tests/rts_predict/aoe2/data/aoe2companion/test_acquisition.py::TestDownloadFile::test_accepts_oversized_download PASSED [ 10%]
tests/rts_predict/aoe2/data/aoe2companion/test_acquisition.py::TestDownloadFile::test_cleans_up_temp_file_on_network_failure PASSED [ 10%]
tests/rts_predict/aoe2/data/aoe2companion/test_acquisition.py::TestRunDownload::test_dry_run_downloads_nothing PASSED [ 11%]
tests/rts_predict/aoe2/data/aoe2companion/test_acquisition.py::TestRunDownload::test_skips_already_downloaded_files PASSED [ 11%]
tests/rts_predict/aoe2/data/aoe2companion/test_acquisition.py::TestRunDownload::test_download_log_written PASSED [ 11%]
tests/rts_predict/aoe2/data/aoe2companion/test_acquisition.py::TestRunDownload::test_handles_download_failure_gracefully PASSED [ 11%]
tests/rts_predict/aoe2/data/aoe2companion/test_acquisition.py::TestRunDownload::test_cleans_up_existing_tmp_on_partial_failure PASSED [ 11%]
tests/rts_predict/aoe2/data/aoe2companion/test_acquisition.py::TestRunDownload::test_progress_log_fires PASSED [ 12%]
tests/rts_predict/aoe2/data/aoe2companion/test_audit.py::test_source_audit_passes_with_valid_files PASSED [ 12%]
tests/rts_predict/aoe2/data/aoe2companion/test_audit.py::test_source_audit_detects_missing_files PASSED [ 12%]
tests/rts_predict/aoe2/data/aoe2companion/test_audit.py::test_source_audit_detects_size_mismatch PASSED [ 12%]
tests/rts_predict/aoe2/data/aoe2companion/test_audit.py::test_source_audit_detects_corrupted_zero_byte_file PASSED [ 13%]
tests/rts_predict/aoe2/data/aoe2companion/test_audit.py::test_source_audit_records_t_acquisition PASSED [ 13%]
tests/rts_predict/aoe2/data/aoe2companion/test_audit.py::test_profile_match_schema_produces_report PASSED [ 13%]
tests/rts_predict/aoe2/data/aoe2companion/test_audit.py::test_profile_match_schema_includes_sql PASSED [ 13%]
tests/rts_predict/aoe2/data/aoe2companion/test_audit.py::test_profile_rating_schema_produces_decision_artifact PASSED [ 13%]
tests/rts_predict/aoe2/data/aoe2companion/test_audit.py::test_dtype_decision_auto_detect_path PASSED [ 14%]
tests/rts_predict/aoe2/data/aoe2companion/test_audit.py::test_dtype_decision_explicit_map_applied PASSED [ 14%]
tests/rts_predict/aoe2/data/aoe2companion/test_audit.py::test_profile_rating_schema_records_boundary_date PASSED [ 14%]
tests/rts_predict/aoe2/data/aoe2companion/test_audit.py::test_profile_singleton_schemas_produces_report PASSED [ 14%]
tests/rts_predict/aoe2/data/aoe2companion/test_audit.py::test_profile_singleton_schemas_includes_sql PASSED [ 15%]
tests/rts_predict/aoe2/data/aoe2companion/test_audit.py::test_smoke_test_passes_with_valid_raw_dir PASSED [ 15%]
tests/rts_predict/aoe2/data/aoe2companion/test_audit.py::test_smoke_test_report_includes_sql PASSED [ 15%]
tests/rts_predict/aoe2/data/aoe2companion/test_audit.py::test_run_full_ingestion_creates_all_tables PASSED [ 15%]
tests/rts_predict/aoe2/data/aoe2companion/test_audit.py::test_reconciliation_strict_passes PASSED [ 15%]
tests/rts_predict/aoe2/data/aoe2companion/test_audit.py::test_reconciliation_strict_fails_on_mismatch PASSED [ 16%]
tests/rts_predict/aoe2/data/aoe2companion/test_audit.py::test_reconciliation_report_includes_sql PASSED [ 16%]
tests/rts_predict/aoe2/data/aoe2companion/test_audit.py::test_write_phase0_summary_produces_both_files PASSED [ 16%]
tests/rts_predict/aoe2/data/aoe2companion/test_audit.py::test_run_phase_0_audit_selective_steps PASSED [ 16%]
tests/rts_predict/aoe2/data/aoe2companion/test_audit.py::test_run_phase_0_audit_idempotent PASSED [ 17%]
tests/rts_predict/aoe2/data/aoe2companion/test_audit.py::test_source_audit_oversized_file_passes_gate PASSED [ 17%]
tests/rts_predict/aoe2/data/aoe2companion/test_audit.py::test_profile_match_schema_empty_dir_raises PASSED [ 17%]
tests/rts_predict/aoe2/data/aoe2companion/test_audit.py::test_profile_match_schema_drifted_columns PASSED [ 17%]
tests/rts_predict/aoe2/data/aoe2companion/test_audit.py::test_profile_rating_schema_empty_dir_raises PASSED [ 17%]
tests/rts_predict/aoe2/data/aoe2companion/test_audit.py::test_profile_rating_schema_many_csvs_triggers_stepped_pick PASSED [ 18%]
tests/rts_predict/aoe2/data/aoe2companion/test_audit.py::test_profile_rating_schema_type_inconsistency_triggers_explicit PASSED [ 18%]
tests/rts_predict/aoe2/data/aoe2companion/test_audit.py::test_smoke_test_no_match_parquets_raises PASSED [ 18%]
tests/rts_predict/aoe2/data/aoe2companion/test_audit.py::test_smoke_test_no_rating_csvs_raises PASSED [ 18%]
tests/rts_predict/aoe2/data/aoe2companion/test_audit.py::test_smoke_test_no_sparse_csvs_raises PASSED [ 19%]
tests/rts_predict/aoe2/data/aoe2companion/test_audit.py::test_smoke_test_no_dense_csvs_raises PASSED [ 19%]
tests/rts_predict/aoe2/data/aoe2companion/test_audit.py::test_smoke_test_explicit_dtype_path PASSED [ 19%]
tests/rts_predict/aoe2/data/aoe2companion/test_audit.py::test_smoke_test_sql_error_captured PASSED [ 19%]
tests/rts_predict/aoe2/data/aoe2companion/test_audit.py::test_run_full_ingestion_explicit_dtype PASSED [ 20%]
tests/rts_predict/aoe2/data/aoe2companion/test_audit.py::test_rowcount_reconciliation_counts_zero_row_ratings PASSED [ 20%]
tests/rts_predict/aoe2/data/aoe2companion/test_audit.py::test_write_phase0_summary_strict_reconciliation PASSED [ 20%]
tests/rts_predict/aoe2/data/aoe2companion/test_audit.py::test_run_phase_0_audit_later_steps PASSED [ 20%]
tests/rts_predict/aoe2/data/aoe2companion/test_ingestion.py::test_load_raw_matches_creates_table_with_filename PASSED [ 20%]
tests/rts_predict/aoe2/data/aoe2companion/test_ingestion.py::test_load_raw_matches_idempotent PASSED [ 21%]
tests/rts_predict/aoe2/data/aoe2companion/test_ingestion.py::test_load_raw_matches_no_drop_raises_on_existing PASSED [ 21%]
tests/rts_predict/aoe2/data/aoe2companion/test_ingestion.py::test_load_raw_ratings_auto_detect PASSED [ 21%]
tests/rts_predict/aoe2/data/aoe2companion/test_ingestion.py::test_load_raw_ratings_explicit_map_applied PASSED [ 21%]
tests/rts_predict/aoe2/data/aoe2companion/test_ingestion.py::test_load_raw_ratings_invalid_strategy_raises PASSED [ 22%]
tests/rts_predict/aoe2/data/aoe2companion/test_ingestion.py::test_load_raw_leaderboard_creates_table_with_filename PASSED [ 22%]
tests/rts_predict/aoe2/data/aoe2companion/test_ingestion.py::test_load_raw_profiles_creates_table_with_filename PASSED [ 22%]
tests/rts_predict/aoe2/data/aoe2companion/test_ingestion.py::test_load_all_raw_tables_returns_per_table_counts PASSED [ 22%]
tests/rts_predict/aoe2/data/aoe2companion/test_ingestion.py::test_rating_csv_union_real_sparse_and_dense_files PASSED [ 22%]
tests/rts_predict/aoe2/data/aoestats/test_acquisition.py::TestLoadManifest::test_loads_valid_manifest PASSED [ 23%]
tests/rts_predict/aoe2/data/aoestats/test_acquisition.py::TestLoadManifest::test_raises_on_missing_file PASSED [ 23%]
tests/rts_predict/aoe2/data/aoestats/test_acquisition.py::TestLoadManifest::test_raises_on_missing_db_dumps_key PASSED [ 23%]
tests/rts_predict/aoe2/data/aoestats/test_acquisition.py::TestFilterDownloadTargets::test_removes_zero_match_entries PASSED [ 23%]
tests/rts_predict/aoe2/data/aoestats/test_acquisition.py::TestFilterDownloadTargets::test_empty_input_returns_empty PASSED [ 24%]
tests/rts_predict/aoe2/data/aoestats/test_acquisition.py::TestFilterDownloadTargets::test_all_zero_returns_empty PASSED [ 24%]
tests/rts_predict/aoe2/data/aoestats/test_acquisition.py::TestResolveTargetPaths::test_correct_filenames PASSED [ 24%]
tests/rts_predict/aoe2/data/aoestats/test_acquisition.py::TestResolveTargetPaths::test_correct_directories PASSED [ 24%]
tests/rts_predict/aoe2/data/aoestats/test_acquisition.py::TestComputeMd5::test_known_hash PASSED [ 24%]
tests/rts_predict/aoe2/data/aoestats/test_acquisition.py::TestComputeMd5::test_empty_file PASSED [ 25%]
tests/rts_predict/aoe2/data/aoestats/test_acquisition.py::TestIsAlreadyDownloaded::test_returns_true_when_checksum_matches PASSED [ 25%]
tests/rts_predict/aoe2/data/aoestats/test_acquisition.py::TestIsAlreadyDownloaded::test_returns_false_when_checksum_differs PASSED [ 25%]
tests/rts_predict/aoe2/data/aoestats/test_acquisition.py::TestIsAlreadyDownloaded::test_returns_false_when_file_missing PASSED [ 25%]
tests/rts_predict/aoe2/data/aoestats/test_acquisition.py::TestDownloadFile::test_downloads_and_verifies_md5 PASSED [ 26%]
tests/rts_predict/aoe2/data/aoestats/test_acquisition.py::TestDownloadFile::test_raises_on_checksum_mismatch PASSED [ 26%]
tests/rts_predict/aoe2/data/aoestats/test_acquisition.py::TestDownloadFile::test_creates_parent_directories PASSED [ 26%]
tests/rts_predict/aoe2/data/aoestats/test_acquisition.py::TestRunDownload::test_deferred_without_force PASSED [ 26%]
tests/rts_predict/aoe2/data/aoestats/test_acquisition.py::TestRunDownload::test_dry_run_proceeds_without_force PASSED [ 26%]
tests/rts_predict/aoe2/data/aoestats/test_acquisition.py::TestRunDownload::test_force_enables_download PASSED [ 27%]
tests/rts_predict/aoe2/data/aoestats/test_acquisition.py::TestRunDownload::test_skips_already_downloaded_files PASSED [ 27%]
tests/rts_predict/aoe2/data/aoestats/test_acquisition.py::TestRunDownload::test_download_log_written PASSED [ 27%]
tests/rts_predict/aoe2/data/aoestats/test_acquisition.py::TestRunDownload::test_processes_both_matches_and_players PASSED [ 27%]
tests/rts_predict/aoe2/data/aoestats/test_acquisition.py::TestRunDownload::test_cleans_up_existing_tmp_on_partial_failure PASSED [ 28%]
tests/rts_predict/aoe2/data/aoestats/test_acquisition.py::TestRunDownload::test_download_failure_logged PASSED [ 28%]
tests/rts_predict/aoe2/data/aoestats/test_acquisition.py::TestRunDownload::test_progress_log_fires PASSED [ 28%]
tests/rts_predict/aoe2/data/aoestats/test_acquisition.py::TestDownloadOverview::test_idempotent_skip_existing PASSED [ 28%]
tests/rts_predict/aoe2/data/aoestats/test_acquisition.py::TestDownloadOverview::test_downloads_when_missing PASSED [ 28%]
tests/rts_predict/aoe2/data/aoestats/test_acquisition.py::TestDownloadOverview::test_creates_parent_dirs PASSED [ 29%]
tests/rts_predict/aoe2/data/aoestats/test_acquisition.py::TestDownloadOverview::test_network_error_cleans_up_tmp PASSED [ 29%]
tests/rts_predict/aoe2/data/aoestats/test_acquisition.py::TestDownloadOverview::test_custom_url_and_filename PASSED [ 29%]
tests/rts_predict/aoe2/data/aoestats/test_audit.py::test_source_audit_passes_with_valid_files PASSED [ 29%]
tests/rts_predict/aoe2/data/aoestats/test_audit.py::test_source_audit_detects_missing_files PASSED [ 30%]
tests/rts_predict/aoe2/data/aoestats/test_audit.py::test_source_audit_detects_size_mismatch PASSED [ 30%]
tests/rts_predict/aoe2/data/aoestats/test_audit.py::test_source_audit_detects_corrupted_zero_byte_file PASSED [ 30%]
tests/rts_predict/aoe2/data/aoestats/test_audit.py::test_profile_match_schema_produces_report PASSED [ 30%]
tests/rts_predict/aoe2/data/aoestats/test_audit.py::test_profile_match_schema_includes_sql PASSED [ 31%]
tests/rts_predict/aoe2/data/aoestats/test_audit.py::test_profile_match_schema_includes_row_counts PASSED [ 31%]
tests/rts_predict/aoe2/data/aoestats/test_audit.py::test_profile_player_schema_produces_report PASSED [ 31%]
tests/rts_predict/aoe2/data/aoestats/test_audit.py::test_profile_player_schema_includes_row_counts PASSED [ 31%]
tests/rts_predict/aoe2/data/aoestats/test_audit.py::test_smoke_test_passes_with_valid_raw_dir PASSED [ 31%]
tests/rts_predict/aoe2/data/aoestats/test_audit.py::test_smoke_test_report_includes_sql PASSED [ 32%]
tests/rts_predict/aoe2/data/aoestats/test_audit.py::test_run_full_ingestion_creates_all_tables PASSED [ 32%]
tests/rts_predict/aoe2/data/aoestats/test_audit.py::test_reconciliation_strict_passes PASSED [ 32%]
tests/rts_predict/aoe2/data/aoestats/test_audit.py::test_reconciliation_strict_fails_on_mismatch PASSED [ 32%]
tests/rts_predict/aoe2/data/aoestats/test_audit.py::test_reconciliation_report_includes_sql PASSED [ 33%]
tests/rts_predict/aoe2/data/aoestats/test_audit.py::test_write_phase0_summary_produces_both_files PASSED [ 33%]
tests/rts_predict/aoe2/data/aoestats/test_audit.py::test_run_phase_0_audit_selective_steps PASSED [ 33%]
tests/rts_predict/aoe2/data/aoestats/test_audit.py::test_run_phase_0_audit_idempotent PASSED [ 33%]
tests/rts_predict/aoe2/data/aoestats/test_audit.py::test_source_audit_known_failure_does_not_block_gate PASSED [ 33%]
tests/rts_predict/aoe2/data/aoestats/test_audit.py::test_source_audit_known_failure_listed_in_report PASSED [ 34%]
tests/rts_predict/aoe2/data/aoestats/test_audit.py::test_profile_match_schema_detects_type_drift PASSED [ 34%]
tests/rts_predict/aoe2/data/aoestats/test_audit.py::test_profile_match_schema_drifted_report_has_drift_section PASSED [ 34%]
tests/rts_predict/aoe2/data/aoestats/test_audit.py::test_smoke_test_errors_written_to_report PASSED [ 34%]
tests/rts_predict/aoe2/data/aoestats/test_audit.py::test_write_phase0_summary_with_type_drift_and_known_failures PASSED [ 35%]
tests/rts_predict/aoe2/data/aoestats/test_audit.py::test_write_phase0_summary_strict_reconciliation PASSED [ 35%]
tests/rts_predict/aoe2/data/aoestats/test_audit.py::test_reconciliation_with_failed_manifest_entry PASSED [ 35%]
tests/rts_predict/aoe2/data/aoestats/test_audit.py::test_profile_schema_empty_dir_raises PASSED [ 35%]
tests/rts_predict/aoe2/data/aoestats/test_audit.py::test_smoke_test_insufficient_match_files_raises PASSED [ 35%]
tests/rts_predict/aoe2/data/aoestats/test_audit.py::test_smoke_test_insufficient_player_files_raises PASSED [ 36%]
tests/rts_predict/aoe2/data/aoestats/test_audit.py::test_run_phase_0_audit_later_steps PASSED [ 36%]
tests/rts_predict/aoe2/data/aoestats/test_ingestion.py::test_load_raw_matches_creates_table_with_filename PASSED [ 36%]
tests/rts_predict/aoe2/data/aoestats/test_ingestion.py::test_load_raw_matches_idempotent PASSED [ 36%]
tests/rts_predict/aoe2/data/aoestats/test_ingestion.py::test_load_raw_matches_no_drop_raises_on_existing PASSED [ 37%]
tests/rts_predict/aoe2/data/aoestats/test_ingestion.py::test_load_raw_players_creates_table_with_filename PASSED [ 37%]
tests/rts_predict/aoe2/data/aoestats/test_ingestion.py::test_load_all_raw_tables_returns_per_table_counts PASSED [ 37%]
tests/rts_predict/aoe2/data/aoestats/test_ingestion.py::test_load_all_raw_tables_filename_distinct PASSED [ 37%]
tests/rts_predict/aoe2/test_cli.py::TestAoE2CLI::test_main_no_command_exits_with_help PASSED [ 37%]
tests/rts_predict/aoe2/test_cli.py::TestAoE2CLI::test_main_db_routes_to_handler PASSED [ 38%]
tests/rts_predict/aoe2/test_cli.py::TestAoE2CLI::test_db_default_dataset_is_aoe2companion PASSED [ 38%]
tests/rts_predict/aoe2/test_cli.py::TestAoE2CLI::test_setup_logging_creates_handlers PASSED [ 38%]
tests/rts_predict/aoe2/test_cli.py::TestAoE2CLI::test_main_no_command_prints_help PASSED [ 38%]
tests/rts_predict/aoe2/test_cli.py::TestCLIDownload::test_download_subcommand_exists PASSED [ 39%]
tests/rts_predict/aoe2/test_cli.py::TestCLIDownload::test_aoestats_force_flag PASSED [ 39%]
tests/rts_predict/aoe2/test_cli.py::TestCLIDownload::test_invalid_source_rejected PASSED [ 39%]
tests/rts_predict/aoe2/test_cli.py::TestCLIDownload::test_dry_run_defaults_to_false PASSED [ 39%]
tests/rts_predict/aoe2/test_cli.py::TestCLIDownload::test_force_defaults_to_false PASSED [ 40%]
tests/rts_predict/aoe2/test_cli.py::TestCLIDownload::test_log_interval_parsed PASSED [ 40%]
tests/rts_predict/aoe2/test_cli.py::TestCLIDownload::test_log_interval_defaults_to_none PASSED [ 40%]
tests/rts_predict/aoe2/test_cli.py::TestCLIDownloadDispatch::test_download_dispatches_to_aoe2companion PASSED [ 40%]
tests/rts_predict/aoe2/test_cli.py::TestCLIDownloadDispatch::test_download_dispatches_to_aoestats_with_force PASSED [ 40%]
tests/rts_predict/common/test_db.py::test_dataset_config_is_frozen PASSED [ 41%]
tests/rts_predict/common/test_db.py::test_client_context_manager_closes PASSED [ 41%]
tests/rts_predict/common/test_db.py::test_client_creates_parent_dirs PASSED [ 41%]
tests/rts_predict/common/test_db.py::test_client_read_only_flag PASSED   [ 41%]
tests/rts_predict/common/test_db.py::test_client_applies_memory_pragma PASSED [ 42%]
tests/rts_predict/common/test_db.py::test_client_query_returns_relation PASSED [ 42%]
tests/rts_predict/common/test_db.py::test_client_fetch_df_returns_dataframe PASSED [ 42%]
tests/rts_predict/common/test_db.py::test_client_tables_lists_tables PASSED [ 42%]
tests/rts_predict/common/test_db.py::test_client_schema_returns_columns PASSED [ 42%]
tests/rts_predict/common/test_db.py::test_client_con_raises_outside_context PASSED [ 43%]
tests/rts_predict/common/test_db.py::test_client_row_counts PASSED       [ 43%]
tests/rts_predict/common/test_db.py::test_client_open_double_call_raises PASSED [ 43%]
tests/rts_predict/common/test_db_cli.py::test_add_db_subparser_registers_subcommands PASSED [ 43%]
tests/rts_predict/common/test_db_cli.py::test_handle_db_query_table_format PASSED [ 44%]
tests/rts_predict/common/test_db_cli.py::test_handle_db_query_csv_format PASSED [ 44%]
tests/rts_predict/common/test_db_cli.py::test_handle_db_query_json_format PASSED [ 44%]
tests/rts_predict/common/test_db_cli.py::test_handle_db_tables_prints_list PASSED [ 44%]
tests/rts_predict/common/test_db_cli.py::test_handle_db_dataset_flag_selects_config PASSED [ 44%]
tests/rts_predict/common/test_db_cli.py::test_handle_db_schema_prints_columns PASSED [ 45%]
tests/rts_predict/common/test_db_cli.py::test_handle_db_tables_no_tables PASSED [ 45%]
tests/rts_predict/common/test_db_cli.py::test_format_output_unknown_format_raises PASSED [ 45%]
tests/rts_predict/common/test_db_cli.py::test_handle_db_schema_no_columns PASSED [ 45%]
tests/rts_predict/common/test_inventory.py::TestInventoryDirectory::test_empty_directory PASSED [ 46%]
tests/rts_predict/common/test_inventory.py::TestInventoryDirectory::test_nonexistent_directory_raises PASSED [ 46%]
tests/rts_predict/common/test_inventory.py::TestInventoryDirectory::test_file_not_directory_raises PASSED [ 46%]
tests/rts_predict/common/test_inventory.py::TestInventoryDirectory::test_files_at_root_only PASSED [ 46%]
tests/rts_predict/common/test_inventory.py::TestInventoryDirectory::test_single_subdir PASSED [ 46%]
tests/rts_predict/common/test_inventory.py::TestInventoryDirectory::test_multiple_subdirs_sorted PASSED [ 47%]
tests/rts_predict/common/test_inventory.py::TestInventoryDirectory::test_glob_filter PASSED [ 47%]
tests/rts_predict/common/test_inventory.py::TestInventoryDirectory::test_empty_subdirs_excluded PASSED [ 47%]
tests/rts_predict/common/test_inventory.py::TestInventoryDirectory::test_include_file_lists_false PASSED [ 47%]
tests/rts_predict/common/test_inventory.py::TestInventoryDirectory::test_mixed_root_and_subdirs PASSED [ 48%]
tests/rts_predict/common/test_json_utils.py::TestProposeDuckdbType::test_bool_only PASSED [ 48%]
tests/rts_predict/common/test_json_utils.py::TestProposeDuckdbType::test_int_only PASSED [ 48%]
tests/rts_predict/common/test_json_utils.py::TestProposeDuckdbType::test_float_only PASSED [ 48%]
tests/rts_predict/common/test_json_utils.py::TestProposeDuckdbType::test_str_only PASSED [ 48%]
tests/rts_predict/common/test_json_utils.py::TestProposeDuckdbType::test_nonetype_only PASSED [ 49%]
tests/rts_predict/common/test_json_utils.py::TestProposeDuckdbType::test_int_and_none PASSED [ 49%]
tests/rts_predict/common/test_json_utils.py::TestProposeDuckdbType::test_str_and_none PASSED [ 49%]
tests/rts_predict/common/test_json_utils.py::TestProposeDuckdbType::test_mixed_scalars PASSED [ 49%]
tests/rts_predict/common/test_json_utils.py::TestProposeDuckdbType::test_dict_present PASSED [ 50%]
tests/rts_predict/common/test_json_utils.py::TestProposeDuckdbType::test_list_present PASSED [ 50%]
tests/rts_predict/common/test_json_utils.py::TestProposeDuckdbType::test_dict_only PASSED [ 50%]
tests/rts_predict/common/test_json_utils.py::TestProposeDuckdbType::test_empty_set PASSED [ 50%]
tests/rts_predict/common/test_json_utils.py::TestDiscoverJsonSchema::test_empty_paths_list PASSED [ 51%]
tests/rts_predict/common/test_json_utils.py::TestDiscoverJsonSchema::test_single_file_all_scalars PASSED [ 51%]
tests/rts_predict/common/test_json_utils.py::TestDiscoverJsonSchema::test_single_file_nested PASSED [ 51%]
tests/rts_predict/common/test_json_utils.py::TestDiscoverJsonSchema::test_multiple_files_same_keys PASSED [ 51%]
tests/rts_predict/common/test_json_utils.py::TestDiscoverJsonSchema::test_multiple_files_disjoint_keys PASSED [ 51%]
tests/rts_predict/common/test_json_utils.py::TestDiscoverJsonSchema::test_mixed_types_same_key PASSED [ 52%]
tests/rts_predict/common/test_json_utils.py::TestDiscoverJsonSchema::test_empty_json_object PASSED [ 52%]
tests/rts_predict/common/test_json_utils.py::TestDiscoverJsonSchema::test_non_object_root_skipped PASSED [ 52%]
tests/rts_predict/common/test_json_utils.py::TestDiscoverJsonSchema::test_invalid_json_skipped PASSED [ 52%]
tests/rts_predict/common/test_json_utils.py::TestDiscoverJsonSchema::test_max_sample_values PASSED [ 53%]
tests/rts_predict/common/test_json_utils.py::TestDiscoverJsonSchema::test_sorted_by_key PASSED [ 53%]
tests/rts_predict/common/test_json_utils.py::TestDiscoverJsonSchema::test_sample_values_non_scalar_stored_as_type_string PASSED [ 53%]
tests/rts_predict/common/test_json_utils.py::TestGetJsonKeypaths::test_flat_object PASSED [ 53%]
tests/rts_predict/common/test_json_utils.py::TestGetJsonKeypaths::test_nested_object PASSED [ 53%]
tests/rts_predict/common/test_json_utils.py::TestGetJsonKeypaths::test_array PASSED [ 54%]
tests/rts_predict/common/test_notebook_utils.py::test_load_game_config_unknown_game_raises PASSED [ 54%]
tests/rts_predict/common/test_notebook_utils.py::test_load_game_config_known_games_import PASSED [ 54%]
tests/rts_predict/common/test_notebook_utils.py::test_resolve_dataset_config_found PASSED [ 54%]
tests/rts_predict/common/test_notebook_utils.py::test_resolve_dataset_config_unknown_dataset_raises PASSED [ 55%]
tests/rts_predict/common/test_notebook_utils.py::test_resolve_dataset_config_error_message_includes_available PASSED [ 55%]
tests/rts_predict/common/test_notebook_utils.py::test_get_notebook_db_unknown_game_raises PASSED [ 55%]
tests/rts_predict/common/test_notebook_utils.py::test_get_notebook_db_unknown_dataset_raises PASSED [ 55%]
tests/rts_predict/common/test_notebook_utils.py::test_get_notebook_db_returns_duckdb_client_read_only PASSED [ 55%]
tests/rts_predict/common/test_notebook_utils.py::test_get_notebook_db_read_only_blocks_writes PASSED [ 56%]
tests/rts_predict/common/test_notebook_utils.py::test_get_notebook_db_write_access_opt_in PASSED [ 56%]
tests/rts_predict/common/test_notebook_utils.py::test_get_notebook_db_client_is_closeable PASSED [ 56%]
tests/rts_predict/common/test_notebook_utils.py::test_get_notebook_db_close_is_idempotent PASSED [ 56%]
tests/rts_predict/common/test_notebook_utils.py::test_get_reports_dir_unknown_game_raises PASSED [ 57%]
tests/rts_predict/common/test_notebook_utils.py::test_get_reports_dir_unknown_dataset_raises PASSED [ 57%]
tests/rts_predict/common/test_notebook_utils.py::test_get_reports_dir_missing_reports_dir_raises PASSED [ 57%]
tests/rts_predict/common/test_notebook_utils.py::test_get_reports_dir_returns_path PASSED [ 57%]
tests/rts_predict/common/test_notebook_utils.py::test_get_reports_dir_sc2_egset_real PASSED [ 57%]
tests/rts_predict/common/test_notebook_utils.py::test_get_reports_dir_aoe2_companion_real PASSED [ 58%]
tests/rts_predict/common/test_notebook_utils.py::test_get_reports_dir_aoe2_aoestats_real PASSED [ 58%]
tests/rts_predict/common/test_schema_export.py::TestExportSchemasFileCount::test_export_schemas_writes_one_yaml_per_table PASSED [ 58%]
tests/rts_predict/common/test_schema_export.py::TestExportSchemasYamlStructure::test_export_schemas_yaml_contains_required_fields PASSED [ 58%]
tests/rts_predict/common/test_schema_export.py::TestExportSchemasYamlStructure::test_export_schemas_columns_have_required_fields PASSED [ 59%]
tests/rts_predict/common/test_schema_export.py::TestCommentPreservation::test_export_schemas_preserves_column_comments_across_runs PASSED [ 59%]
tests/rts_predict/common/test_schema_export.py::TestCommentPreservation::test_export_schemas_preserves_table_notes_across_runs PASSED [ 59%]
tests/rts_predict/common/test_schema_export.py::TestCommentPreservation::test_export_schemas_drops_comment_for_renamed_column_with_warning PASSED [ 59%]
tests/rts_predict/common/test_schema_export.py::TestEdgeCases::test_export_schemas_raises_on_empty_database PASSED [ 60%]
tests/rts_predict/common/test_schema_export.py::TestEdgeCases::test_export_schemas_raises_on_missing_db PASSED [ 60%]
tests/rts_predict/common/test_schema_export.py::TestEdgeCases::test_export_schemas_index_yaml_lists_all_tables PASSED [ 60%]
tests/rts_predict/common/test_schema_export.py::TestEdgeCases::test_export_schemas_index_has_pk_true_for_pk_table PASSED [ 60%]
tests/rts_predict/sc2/data/test_audit.py::TestRunSourceAudit::test_writes_json_report PASSED [ 60%]
tests/rts_predict/sc2/data/test_audit.py::TestValidateTournamentNameExtraction::test_correct_extraction PASSED [ 61%]
tests/rts_predict/sc2/data/test_audit.py::TestValidateTournamentNameExtraction::test_deterministic_with_seed PASSED [ 61%]
tests/rts_predict/sc2/data/test_audit.py::TestWriteReplayIdSpec::test_path_a_b_produce_same_id PASSED [ 61%]
tests/rts_predict/sc2/data/test_audit.py::TestWriteReplayIdSpec::test_writes_markdown_report PASSED [ 61%]
tests/rts_predict/sc2/data/test_audit.py::TestRunPathASmokeTest::test_smoke_test_with_synthetic_data PASSED [ 62%]
tests/rts_predict/sc2/data/test_audit.py::TestValidatePathAbJoin::test_clean_join PASSED [ 62%]
tests/rts_predict/sc2/data/test_audit.py::TestValidatePathAbJoin::test_orphan_detection PASSED [ 62%]
tests/rts_predict/sc2/data/test_audit.py::TestDefaultOutputPaths::test_run_source_audit_default_path PASSED [ 62%]
tests/rts_predict/sc2/data/test_audit.py::TestDefaultOutputPaths::test_validate_tournament_default_path PASSED [ 62%]
tests/rts_predict/sc2/data/test_audit.py::TestDefaultOutputPaths::test_write_replay_id_spec_default_path PASSED [ 63%]
tests/rts_predict/sc2/data/test_audit.py::TestDefaultOutputPaths::test_run_path_a_smoke_test_default_path PASSED [ 63%]
tests/rts_predict/sc2/data/test_audit.py::TestDefaultOutputPaths::test_validate_path_a_b_join_default_path PASSED [ 63%]
tests/rts_predict/sc2/data/test_audit.py::TestRunPhase0Audit::test_orchestrator_runs_selected_steps PASSED [ 63%]
tests/rts_predict/sc2/data/test_audit.py::TestRunPhase0Audit::test_orchestrator_steps_0_2_and_0_3 PASSED [ 64%]
tests/rts_predict/sc2/data/test_audit.py::TestRunPhase0Audit::test_orchestrator_step_0_4 PASSED [ 64%]
tests/rts_predict/sc2/data/test_audit.py::TestRunPhase0Audit::test_orchestrator_step_0_6 PASSED [ 64%]
tests/rts_predict/sc2/data/test_audit.py::TestRunPhase0Audit::test_orchestrator_step_0_8 PASSED [ 64%]
tests/rts_predict/sc2/data/test_audit.py::TestRunPhase0Audit::test_orchestrator_step_0_9_not_in_all_steps PASSED [ 64%]
tests/rts_predict/sc2/data/test_audit.py::TestRunPhase0Audit::test_orchestrator_step_0_5_mocked PASSED [ 65%]
tests/rts_predict/sc2/data/test_audit.py::TestRunPhase0Audit::test_orchestrator_step_0_7_mocked PASSED [ 65%]
tests/rts_predict/sc2/data/test_audit.py::TestJoinValidationOrphanRaw::test_orphan_in_raw_appears_in_report PASSED [ 65%]
tests/rts_predict/sc2/data/test_audit.py::TestRunFullPathAIngestion::test_without_audit_file PASSED [ 65%]
tests/rts_predict/sc2/data/test_audit.py::TestRunFullPathAIngestion::test_with_matching_audit_file PASSED [ 66%]
tests/rts_predict/sc2/data/test_audit.py::TestRunFullPathAIngestion::test_with_mismatched_audit_file PASSED [ 66%]
tests/rts_predict/sc2/data/test_audit.py::TestRunFullPathAIngestion::test_default_output_path PASSED [ 66%]
tests/rts_predict/sc2/data/test_audit.py::TestRunPathBExtraction::test_without_manifest PASSED [ 66%]
tests/rts_predict/sc2/data/test_audit.py::TestRunPathBExtraction::test_with_manifest PASSED [ 66%]
tests/rts_predict/sc2/data/test_audit.py::TestRunPathBExtraction::test_default_output_path PASSED [ 67%]
tests/rts_predict/sc2/data/test_audit.py::TestJoinValidationWithAuditFile::test_stripped_count_read_from_audit PASSED [ 67%]
tests/rts_predict/sc2/data/test_audit.py::TestJoinValidationWithAuditFile::test_stripped_count_appears_in_markdown PASSED [ 67%]
tests/rts_predict/sc2/data/test_exploration.py::TestCorpusSummary::test_corpus_dimensions PASSED [ 67%]
tests/rts_predict/sc2/data/test_exploration.py::TestCorpusSummary::test_event_coverage PASSED [ 68%]
tests/rts_predict/sc2/data/test_exploration.py::TestCorpusSummary::test_player_count_anomalies_csv PASSED [ 68%]
tests/rts_predict/sc2/data/test_exploration.py::TestCorpusSummary::test_result_audit_contains_sql PASSED [ 68%]
tests/rts_predict/sc2/data/test_exploration.py::TestCorpusSummary::test_result_anomalies_detected PASSED [ 68%]
tests/rts_predict/sc2/data/test_exploration.py::TestCorpusSummary::test_duplicate_detected PASSED [ 68%]
tests/rts_predict/sc2/data/test_exploration.py::TestParseQuality::test_parse_quality_csv_columns PASSED [ 69%]
tests/rts_predict/sc2/data/test_exploration.py::TestParseQuality::test_parse_quality_sorted_by_coverage PASSED [ 69%]
tests/rts_predict/sc2/data/test_exploration.py::TestDurationDistribution::test_duration_csv_created PASSED [ 69%]
tests/rts_predict/sc2/data/test_exploration.py::TestDurationDistribution::test_duration_png_created PASSED [ 69%]
tests/rts_predict/sc2/data/test_exploration.py::TestDurationDistribution::test_duration_percentile_ordering PASSED [ 70%]
tests/rts_predict/sc2/data/test_exploration.py::TestDurationDistribution::test_conversion_correctness PASSED [ 70%]
tests/rts_predict/sc2/data/test_exploration.py::TestApmMmrAudit::test_apm_mmr_md_contains_sql PASSED [ 70%]
tests/rts_predict/sc2/data/test_exploration.py::TestPatchLandscape::test_patch_landscape_csv PASSED [ 70%]
tests/rts_predict/sc2/data/test_exploration.py::TestEventTypeInventory::test_event_inventory_csv PASSED [ 71%]
tests/rts_predict/sc2/data/test_exploration.py::TestEventTypeInventory::test_zero_playerstats_detected PASSED [ 71%]
tests/rts_predict/sc2/data/test_exploration.py::TestEventTypeInventory::test_event_density_by_year PASSED [ 71%]
tests/rts_predict/sc2/data/test_exploration.py::TestEventTypeInventory::test_outlier_flagging PASSED [ 71%]
tests/rts_predict/sc2/data/test_exploration.py::TestPlayerStatsSampling::test_sampling_deterministic PASSED [ 71%]
tests/rts_predict/sc2/data/test_exploration.py::TestPlayerStatsSampling::test_consistent_interval_no_flag PASSED [ 72%]
tests/rts_predict/sc2/data/test_exploration.py::TestPlayerStatsSampling::test_irregular_interval_flagged PASSED [ 72%]
tests/rts_predict/sc2/data/test_exploration.py::TestOrchestrator::test_orchestrator_all_steps PASSED [ 72%]
tests/rts_predict/sc2/data/test_exploration.py::TestOrchestrator::test_orchestrator_selective PASSED [ 72%]
tests/rts_predict/sc2/data/test_exploration.py::TestSerializeValue::test_numpy_scalar_converted PASSED [ 73%]
tests/rts_predict/sc2/data/test_exploration.py::TestSerializeValue::test_plain_python_passthrough PASSED [ 73%]
tests/rts_predict/sc2/data/test_exploration.py::TestNearDuplicateDetection::test_near_duplicates_included_in_md PASSED [ 73%]
tests/rts_predict/sc2/data/test_exploration.py::TestPlayerStatsSamplingEmpty::test_empty_tracker_returns_early PASSED [ 73%]
tests/rts_predict/sc2/data/test_exploration.py::TestTpdmFieldInventory::test_artifact_created PASSED [ 73%]
tests/rts_predict/sc2/data/test_exploration.py::TestTpdmFieldInventory::test_expected_keys_present PASSED [ 74%]
tests/rts_predict/sc2/data/test_exploration.py::TestTpdmFieldInventory::test_csv_non_empty PASSED [ 74%]
tests/rts_predict/sc2/data/test_exploration.py::TestTpdmFieldInventory::test_artifact_path_returned PASSED [ 74%]
tests/rts_predict/sc2/data/test_exploration.py::TestTpdmKeySetConstancy::test_artifact_created PASSED [ 74%]
tests/rts_predict/sc2/data/test_exploration.py::TestTpdmKeySetConstancy::test_csv_has_expected_columns PASSED [ 75%]
tests/rts_predict/sc2/data/test_exploration.py::TestTpdmKeySetConstancy::test_gate_pass_flag_present PASSED [ 75%]
tests/rts_predict/sc2/data/test_exploration.py::TestTpdmKeySetConstancy::test_dominant_coverage_reasonable PASSED [ 75%]
tests/rts_predict/sc2/data/test_exploration.py::TestTpdmKeySetConstancy::test_total_slots_matches_player_slots PASSED [ 75%]
tests/rts_predict/sc2/data/test_exploration.py::TestTpdmKeySetConstancy::test_halt_predicate_false_for_constant_keyset PASSED [ 75%]
tests/rts_predict/sc2/data/test_exploration.py::TestTopLevelFieldInventory::test_artifact_created PASSED [ 76%]
tests/rts_predict/sc2/data/test_exploration.py::TestTopLevelFieldInventory::test_csv_has_expected_columns PASSED [ 76%]
tests/rts_predict/sc2/data/test_exploration.py::TestTopLevelFieldInventory::test_all_toplevel_columns_covered PASSED [ 76%]
tests/rts_predict/sc2/data/test_exploration.py::TestTopLevelFieldInventory::test_known_keys_present PASSED [ 76%]
tests/rts_predict/sc2/data/test_exploration.py::TestTopLevelFieldInventory::test_nested_keys_captured PASSED [ 77%]
tests/rts_predict/sc2/data/test_exploration.py::TestTopLevelFieldInventory::test_artifact_path_returned PASSED [ 77%]
tests/rts_predict/sc2/data/test_exploration.py::TestStep19Orchestration::test_orchestrator_runs_step_1_9 PASSED [ 77%]
tests/rts_predict/sc2/data/test_exploration.py::TestStep19Orchestration::test_orchestrator_runs_substep_1_9a PASSED [ 77%]
tests/rts_predict/sc2/data/test_exploration.py::TestStep19Orchestration::test_three_csvs_created_by_step_1_9 PASSED [ 77%]
tests/rts_predict/sc2/data/test_exploration.py::TestBuildEventDataFieldInventoryQuery::test_no_sample_when_sample_size_zero PASSED [ 78%]
tests/rts_predict/sc2/data/test_exploration.py::TestBuildEventDataFieldInventoryQuery::test_sample_clause_present_when_nonzero PASSED [ 78%]
tests/rts_predict/sc2/data/test_exploration.py::TestBuildEventDataFieldInventoryQuery::test_table_name_injected PASSED [ 78%]
tests/rts_predict/sc2/data/test_exploration.py::TestBuildEventDataFieldInventoryQuery::test_output_columns_present PASSED [ 78%]
tests/rts_predict/sc2/data/test_exploration.py::TestBuildEventDataKeyConstancyQuery::test_event_type_string_in_sql PASSED [ 79%]
tests/rts_predict/sc2/data/test_exploration.py::TestBuildEventDataKeyConstancyQuery::test_no_sample_when_size_zero PASSED [ 79%]
tests/rts_predict/sc2/data/test_exploration.py::TestBuildEventDataKeyConstancyQuery::test_output_columns_present PASSED [ 79%]
tests/rts_predict/sc2/data/test_exploration.py::TestBuildNestedFieldInventoryQuery::test_nested_key_in_sql PASSED [ 79%]
tests/rts_predict/sc2/data/test_exploration.py::TestBuildNestedFieldInventoryQuery::test_output_column_present PASSED [ 80%]
tests/rts_predict/sc2/data/test_exploration.py::TestVerifyParquetDuckdbSchemaConsistency::test_empty_directory_returns_zero_batches PASSED [ 80%]
tests/rts_predict/sc2/data/test_exploration.py::TestVerifyParquetDuckdbSchemaConsistency::test_schema_mismatch_detected PASSED [ 80%]
tests/rts_predict/sc2/data/test_exploration.py::TestVerifyParquetDuckdbSchemaConsistency::test_consistent_schema_no_mismatches PASSED [ 80%]
tests/rts_predict/sc2/data/test_exploration.py::TestCompileEventSchemaDocument::test_all_event_types_appear_in_output PASSED [ 80%]
tests/rts_predict/sc2/data/test_exploration.py::TestCompileEventSchemaDocument::test_dominant_coverage_included PASSED [ 81%]
tests/rts_predict/sc2/data/test_exploration.py::TestCompileEventSchemaDocument::test_empty_inventories_produce_valid_markdown PASSED [ 81%]
tests/rts_predict/sc2/data/test_exploration.py::TestRunTrackerEventDataInventory::test_artifacts_created PASSED [ 81%]
tests/rts_predict/sc2/data/test_exploration.py::TestRunTrackerEventDataInventory::test_gate_pass_when_all_dominant PASSED [ 81%]
tests/rts_predict/sc2/data/test_exploration.py::TestRunTrackerEventDataInventory::test_nested_stats_keys_found PASSED [ 82%]
tests/rts_predict/sc2/data/test_exploration.py::TestRunGameEventDataInventory::test_artifacts_created PASSED [ 82%]
tests/rts_predict/sc2/data/test_exploration.py::TestRunGameEventDataInventory::test_gate_pass_with_consistent_keys PASSED [ 82%]
tests/rts_predict/sc2/data/test_exploration.py::TestRunGameEventDataInventory::test_nested_sub_objects_enumerated PASSED [ 82%]
tests/rts_predict/sc2/data/test_exploration.py::TestRunParquetDuckdbReconciliation::test_reconciliation_with_matching_schema PASSED [ 82%]
tests/rts_predict/sc2/data/test_exploration.py::TestRunEventSchemaDocument::test_schema_doc_written_from_csvs PASSED [ 83%]
tests/rts_predict/sc2/data/test_ingestion.py::TestExtractRawEvents::test_returns_dict_for_valid_file PASSED [ 83%]
tests/rts_predict/sc2/data/test_ingestion.py::TestExtractRawEvents::test_returns_none_for_stripped_file PASSED [ 83%]
tests/rts_predict/sc2/data/test_ingestion.py::TestExtractRawEvents::test_tracker_events_count PASSED [ 83%]
tests/rts_predict/sc2/data/test_ingestion.py::TestExtractRawEvents::test_game_events_count PASSED [ 84%]
tests/rts_predict/sc2/data/test_ingestion.py::TestExtractRawEvents::test_player_map_has_two_players PASSED [ 84%]
tests/rts_predict/sc2/data/test_ingestion.py::TestExtractRawEvents::test_player_map_userid_to_playerid PASSED [ 84%]
tests/rts_predict/sc2/data/test_ingestion.py::TestExtractRawEvents::test_total_game_loops PASSED [ 84%]
tests/rts_predict/sc2/data/test_ingestion.py::TestExtractRawEvents::test_match_id_is_string PASSED [ 84%]
tests/rts_predict/sc2/data/test_ingestion.py::TestBuildRows::test_tracker_rows_count PASSED [ 85%]
tests/rts_predict/sc2/data/test_ingestion.py::TestBuildRows::test_tracker_row_keys PASSED [ 85%]
tests/rts_predict/sc2/data/test_ingestion.py::TestBuildRows::test_game_event_rows_count PASSED [ 85%]
tests/rts_predict/sc2/data/test_ingestion.py::TestBuildRows::test_game_event_row_has_player_id PASSED [ 85%]
tests/rts_predict/sc2/data/test_ingestion.py::TestBuildRows::test_metadata_rows PASSED [ 86%]
tests/rts_predict/sc2/data/test_ingestion.py::TestParquetRoundTrip::test_write_and_read_parquet PASSED [ 86%]
tests/rts_predict/sc2/data/test_ingestion.py::TestDuckDBLoading::test_tracker_events_raw_table_exists PASSED [ 86%]
tests/rts_predict/sc2/data/test_ingestion.py::TestDuckDBLoading::test_game_events_raw_table_exists PASSED [ 86%]
tests/rts_predict/sc2/data/test_ingestion.py::TestDuckDBLoading::test_match_player_map_table_exists PASSED [ 86%]
tests/rts_predict/sc2/data/test_ingestion.py::TestDuckDBLoading::test_player_stats_view_exists PASSED [ 87%]
tests/rts_predict/sc2/data/test_ingestion.py::TestDuckDBLoading::test_player_stats_row_count PASSED [ 87%]
tests/rts_predict/sc2/data/test_ingestion.py::TestDuckDBLoading::test_player_stats_has_all_39_fields PASSED [ 87%]
tests/rts_predict/sc2/data/test_ingestion.py::TestDuckDBLoading::test_player_stats_values_are_numeric PASSED [ 87%]
tests/rts_predict/sc2/data/test_ingestion.py::TestDuckDBLoading::test_match_player_map_has_two_players PASSED [ 88%]
tests/rts_predict/sc2/data/test_ingestion.py::TestPlayerStatsFieldMap::test_has_39_fields PASSED [ 88%]
tests/rts_predict/sc2/data/test_ingestion.py::TestPlayerStatsFieldMap::test_all_values_are_snake_case PASSED [ 88%]
tests/rts_predict/sc2/data/test_ingestion.py::TestPlayerStatsFieldMap::test_source_keys_match_sample PASSED [ 88%]
tests/rts_predict/sc2/data/test_ingestion.py::TestManifestHelpers::test_load_manifest_empty_path PASSED [ 88%]
tests/rts_predict/sc2/data/test_ingestion.py::TestManifestHelpers::test_load_manifest_valid PASSED [ 89%]
tests/rts_predict/sc2/data/test_ingestion.py::TestManifestHelpers::test_load_manifest_corrupted PASSED [ 89%]
tests/rts_predict/sc2/data/test_ingestion.py::TestManifestHelpers::test_save_manifest_roundtrip PASSED [ 89%]
tests/rts_predict/sc2/data/test_ingestion.py::TestMoveDataToDuckDb::test_loads_replays_into_raw_table PASSED [ 89%]
tests/rts_predict/sc2/data/test_ingestion.py::TestMoveDataToDuckDb::test_raw_table_has_expected_columns PASSED [ 90%]
tests/rts_predict/sc2/data/test_ingestion.py::TestMoveDataToDuckDb::test_should_drop_recreates_table PASSED [ 90%]
tests/rts_predict/sc2/data/test_ingestion.py::TestAuditRawDataAvailability::test_empty_dir_returns_zero_counts PASSED [ 90%]
tests/rts_predict/sc2/data/test_ingestion.py::TestAuditRawDataAvailability::test_mixed_files PASSED [ 90%]
tests/rts_predict/sc2/data/test_ingestion.py::TestIngestMapAliasFiles::test_ingest_map_alias_files_inserts_one_row_per_file PASSED [ 91%]
tests/rts_predict/sc2/data/test_ingestion.py::TestIngestMapAliasFiles::test_ingest_map_alias_files_preserves_raw_json_bytes PASSED [ 91%]
tests/rts_predict/sc2/data/test_ingestion.py::TestIngestMapAliasFiles::test_ingest_map_alias_files_raises_on_empty_root PASSED [ 91%]
tests/rts_predict/sc2/data/test_ingestion.py::TestIngestMapAliasFiles::test_ingest_map_alias_files_enforces_unique_tournament_dir PASSED [ 91%]
tests/rts_predict/sc2/data/test_ingestion.py::TestIngestMapAliasFiles::test_ingest_map_alias_files_stores_raw_json_as_duckdb_json PASSED [ 91%]
tests/rts_predict/sc2/data/test_ingestion.py::TestCollectPendingFiles::test_filters_already_done PASSED [ 92%]
tests/rts_predict/sc2/data/test_ingestion.py::TestRunInGameExtraction::test_mock_pool_batches PASSED [ 92%]
tests/rts_predict/sc2/data/test_ingestion.py::TestRunInGameExtraction::test_empty_pending_returns_early PASSED [ 92%]
tests/rts_predict/sc2/data/test_ingestion.py::TestAuditRawDataAvailabilityExceptionPath::test_corrupt_replay_file_logs_error PASSED [ 92%]
tests/rts_predict/sc2/data/test_ingestion.py::TestRunInGameExtractionNoneResult::test_none_results_are_skipped PASSED [ 93%]
tests/rts_predict/sc2/data/test_ingestion.py::TestRunInGameExtractionNoneResult::test_progress_log_triggered PASSED [ 93%]
tests/rts_predict/sc2/data/test_processing.py::TestCreateRawEnrichedView::test_view_exists PASSED [ 93%]
tests/rts_predict/sc2/data/test_processing.py::TestCreateRawEnrichedView::test_tournament_dir_extracted PASSED [ 93%]
tests/rts_predict/sc2/data/test_processing.py::TestCreateRawEnrichedView::test_replay_id_is_32_char_hex PASSED [ 93%]
tests/rts_predict/sc2/data/test_processing.py::TestCreateRawEnrichedView::test_preserves_all_raw_columns PASSED [ 94%]
tests/rts_predict/sc2/data/test_processing.py::TestAssignSeriesIds::test_creates_match_series_table PASSED [ 94%]
tests/rts_predict/sc2/data/test_processing.py::TestAssignSeriesIds::test_all_matches_assigned PASSED [ 94%]
tests/rts_predict/sc2/data/test_processing.py::TestAssignSeriesIds::test_series_sizes_reasonable PASSED [ 94%]
tests/rts_predict/sc2/data/test_processing.py::TestAssignSeriesIds::test_series_have_some_multi_game PASSED [ 95%]
tests/rts_predict/sc2/data/test_processing.py::TestGetMatchesDataframe::test_returns_dataframe_without_split_table PASSED [ 95%]
tests/rts_predict/sc2/data/test_processing.py::TestGetMatchesDataframe::test_with_split_table_no_filter PASSED [ 95%]
tests/rts_predict/sc2/data/test_processing.py::TestGetMatchesDataframe::test_with_split_filter_train PASSED [ 95%]
tests/rts_predict/sc2/data/test_processing.py::TestGetMatchesDataframe::test_invalid_split_raises_value_error PASSED [ 95%]
tests/rts_predict/sc2/data/test_processing.py::TestGetMatchesDataframe::test_no_split_table_with_split_arg_warns PASSED [ 96%]
tests/rts_predict/sc2/test_cli.py::TestSetupLogging::test_setup_logging_creates_handlers PASSED [ 96%]
tests/rts_predict/sc2/test_cli.py::TestInitDatabase::test_calls_two_steps_in_order PASSED [ 96%]
tests/rts_predict/sc2/test_cli.py::TestInitDatabase::test_should_drop_forwarded PASSED [ 96%]
tests/rts_predict/sc2/test_cli.py::TestMainRouting::test_main_init PASSED [ 97%]
tests/rts_predict/sc2/test_cli.py::TestMainRouting::test_main_init_force PASSED [ 97%]
tests/rts_predict/sc2/test_cli.py::TestMainRouting::test_main_db_routes_to_handler PASSED [ 97%]
tests/rts_predict/sc2/test_cli.py::TestMainRouting::test_db_default_dataset_is_sc2egset PASSED [ 97%]
tests/rts_predict/sc2/test_cli.py::TestMainAuditRouting::test_main_audit_routes_to_handler PASSED [ 97%]
tests/rts_predict/sc2/test_cli.py::TestMainAuditRouting::test_main_audit_with_steps PASSED [ 98%]
tests/rts_predict/sc2/test_cli.py::TestMainExploreRouting::test_main_explore_routes_to_handler PASSED [ 98%]
tests/rts_predict/sc2/test_cli.py::TestMainNoCommand::test_main_no_command_prints_help PASSED [ 98%]
tests/rts_predict/sc2/test_cli.py::TestRunExploreCommand::test_run_explore_command PASSED [ 98%]
tests/rts_predict/sc2/test_cli.py::TestRunAuditCommand::test_run_audit_command PASSED [ 99%]
tests/rts_predict/sc2/test_cli.py::TestMainExportSchemasRouting::test_main_export_schemas_routes_to_handler PASSED [ 99%]
tests/rts_predict/sc2/test_cli.py::TestMainExportSchemasRouting::test_main_export_schemas_no_preserve_flag PASSED [ 99%]
tests/rts_predict/sc2/test_cli.py::TestRunExportSchemasCommand::test_run_export_schemas_command_calls_export_schemas PASSED [ 99%]
tests/rts_predict/sc2/test_cli.py::TestRunExportSchemasCommand::test_run_export_schemas_command_no_preserve PASSED [100%]

================================ tests coverage ================================
______________ coverage: platform darwin, python 3.12.13-final-0 _______________

Name                                                     Stmts   Miss Branch BrPart  Cover   Missing
----------------------------------------------------------------------------------------------------
src/rts_predict/__init__.py                                  0      0      0      0   100%
src/rts_predict/aoe2/__init__.py                             0      0      0      0   100%
src/rts_predict/aoe2/cli.py                                 41      0      8      0   100%
src/rts_predict/aoe2/config.py                              30      0      0      0   100%
src/rts_predict/aoe2/data/__init__.py                        0      0      0      0   100%
src/rts_predict/aoe2/data/aoe2companion/__init__.py          0      0      0      0   100%
src/rts_predict/aoe2/data/aoe2companion/acquisition.py     130      0     40      0   100%
src/rts_predict/aoe2/data/aoe2companion/audit.py           513      4    148     10    98%   525-526, 536-537, 557->569, 565->567, 580->582, 925->932, 932->938, 938->944, 1234->1243, 1293->1301, 1308->1316, 1310->1316
src/rts_predict/aoe2/data/aoe2companion/ingestion.py        65      0     12      3    96%   135->139, 175->179, 202->206
src/rts_predict/aoe2/data/aoe2companion/types.py            18      0      2      0   100%
src/rts_predict/aoe2/data/aoestats/__init__.py               0      0      0      0   100%
src/rts_predict/aoe2/data/aoestats/acquisition.py          138      1     26      2    98%   99, 234->236
src/rts_predict/aoe2/data/aoestats/audit.py                356      0    108      5    99%   132->146, 227->229, 820->826, 866->872, 877->883
src/rts_predict/aoe2/data/aoestats/ingestion.py             36      0      4      1    98%   104->108
src/rts_predict/common/__init__.py                           0      0      0      0   100%
src/rts_predict/common/db.py                                75      0     12      0   100%
src/rts_predict/common/db_cli.py                            59      0     16      1    99%   96->exit
src/rts_predict/common/inventory.py                         49      0     10      0   100%
src/rts_predict/common/json_utils.py                        80      1     32      1    98%   87
src/rts_predict/common/notebook_utils.py                    39      0      6      0   100%
src/rts_predict/common/schema_export.py                     84      1     20      2    97%   82, 86->85
src/rts_predict/sc2/__init__.py                              0      0      0      0   100%
src/rts_predict/sc2/cli.py                                  65      0     10      0   100%
src/rts_predict/sc2/config.py                               74      0      0      0   100%
src/rts_predict/sc2/data/__init__.py                         0      0      0      0   100%
src/rts_predict/sc2/data/audit.py                          238      0     70      3    99%   94->100, 175->173, 306->304
src/rts_predict/sc2/data/exploration.py                    511     23    110     18    93%   595->600, 600->606, 857->864, 901->903, 903->906, 1403, 1477, 1487-1490, 1515, 1583-1584, 1586->1592, 1610-1612, 1614, 1624-1627, 1642, 1717->1723, 1899-1901, 1923-1925, 1988, 2046-2047
src/rts_predict/sc2/data/ingestion.py                      226      1     58      8    97%   139->144, 184, 298->296, 307->310, 426->430, 430->434, 434->438, 554->557
src/rts_predict/sc2/data/processing.py                      44      0      8      0   100%
src/rts_predict/sc2/data/schemas.py                          5      0      0      0   100%
----------------------------------------------------------------------------------------------------
TOTAL                                                     2876     31    700     54    98%
Required test coverage of 95.0% reached. Total coverage: 97.51%
============================= 445 passed in 21.95s =============================
